Heart: Thought0
	Before Happiness: 0.0
	Before Certainty: 0.0
Heart: Thought0
	After Happiness: 0.0
	After Certainty: 0.0
Heart: Thought1
	Before Happiness: 0.0
	Before Certainty: 0.0
Heart: Thought1
	After Happiness: 0.0
	After Certainty: 0.0
Heart: Thought2
	Before Happiness: 0.0
	Before Certainty: 0.0
Heart: Thought2
	After Happiness: 0.0
	After Certainty: 0.0
Heart: Thought3
	Before Happiness: 0.0
	Before Certainty: 0.0
Heart: Thought3
	After Happiness: 0.0
	After Certainty: 0.0
Heart: Thought4
	Before Happiness: 0.0
	Before Certainty: 0.0
Heart: Thought4
	After Happiness: 0.0
	After Certainty: 0.0
Heart: Thought5
	Before Happiness: 0.0
	Before Certainty: 0.0
Heart: Thought5
	After Happiness: 0.0
	After Certainty: 0.0
Heart: Thought6
	Before Happiness: 0.0
	Before Certainty: 0.0
Heart: Thought6
	After Happiness: 0.0
	After Certainty: 0.0
Heart: Thought7
	Before Happiness: 0.0
	Before Certainty: 0.0
Heart: Thought7
	After Happiness: 0.0
	After Certainty: 0.0
Heart: Thought8
	Before Happiness: 0.0
	Before Certainty: 0.0
Heart: Thought8
	After Happiness: 0.0
	After Certainty: 0.0
Heart: Thought9
	Before Happiness: 0.0
	Before Certainty: 0.0
Heart: Thought9
	After Happiness: 0.0
	After Certainty: 0.0
Heart: Thought10
	Before Happiness: 0.0
	Before Certainty: 0.0
Heart: Thought10
	After Happiness: 0.0
	After Certainty: 0.0
Heart: Thought11
	Before Happiness: 0.0
	Before Certainty: 0.0
Heart: Thought11
	After Happiness: 0.0
	After Certainty: 0.0
Heart: Thought12
	Before Happiness: 0.0
	Before Certainty: 0.0
Heart: Thought12
	After Happiness: 0.0
	After Certainty: 0.0
Heart: Thought13
	Before Happiness: 0.0
	Before Certainty: 0.0
Heart: Thought13
	After Happiness: 0.0
	After Certainty: 0.0
Heart: Thought14
	Before Happiness: 0.0
	Before Certainty: 0.0
Heart: Thought14
	After Happiness: 0.0
	After Certainty: 0.0
